<?xml version="1.0" encoding="UTF-8"?>
<!-- Generated by org.testng.reporters.JUnitXMLReporter -->
<testsuite ignored="4" hostname="DESKTOP-93B8F71" failures="1" tests="5" name="Test" time="36.785" errors="0" timestamp="2022-08-24T10:28:21 EDT">
  <testcase classname="testCases.LoginPageTest" name="loginTest" time="2.253"/>
  <testcase classname="testCases.homePageTest" name="titleValidation" time="0.026">
    <failure type="java.lang.AssertionError" message="expected [FEATURED COURSESs] but found [FEATURED COURSES]">
      <![CDATA[java.lang.AssertionError: expected [FEATURED COURSESs] but found [FEATURED COURSES]
at testCases.homePageTest.titleValidation(homePageTest.java:35)
at java.base/java.util.ArrayList.forEach(ArrayList.java:1511)
at java.base/java.util.concurrent.FutureTask.run(FutureTask.java:264)
at java.base/java.util.concurrent.ThreadPoolExecutor.runWorker(ThreadPoolExecutor.java:1130)
at java.base/java.util.concurrent.ThreadPoolExecutor$Worker.run(ThreadPoolExecutor.java:630)
at java.base/java.lang.Thread.run(Thread.java:832)
... Removed 24 stack frames]]>
    </failure>
  </testcase> <!-- titleValidation -->
  <testcase classname="testCases.homePageTest" name="validationOfNavbar" time="0.039"/>
  <testcase classname="testCases.LoginWithParamater" name="loginTest" time="1.902"/>
  <testcase classname="testCases.LoginWithParamater" name="loginTest" time="1.808"/>
  <testcase classname="baseClass.BaseClass" name="@BeforeSuite beforesuite" time="0.0">
    <ignored/>
  </testcase> <!-- @BeforeSuite beforesuite -->
  <testcase classname="baseClass.BaseClass" name="@AfterSuite afterSuite" time="0.0">
    <ignored/>
  </testcase> <!-- @AfterSuite afterSuite -->
  <testcase classname="baseClass.BaseClass" name="@BeforeSuite beforesuite" time="0.0">
    <ignored/>
  </testcase> <!-- @BeforeSuite beforesuite -->
  <testcase classname="baseClass.BaseClass" name="@AfterSuite afterSuite" time="0.0">
    <ignored/>
  </testcase> <!-- @AfterSuite afterSuite -->
</testsuite> <!-- Test -->
